Running erblint...
Linting 24 files with 14 linters...

Tag `br` is a void element, it must end with `>` and not `/>`.
In file: app/views/users/confirmations/new.html.erb:7

Style/StringLiterals: Prefer single-quoted strings when you don't need string interpolation or special symbols.
In file: app/views/users/passwords/edit.html.erb:4

Style/StringLiterals: Prefer single-quoted strings when you don't need string interpolation or special symbols.
In file: app/views/users/passwords/edit.html.erb:8

Style/StringLiterals: Prefer single-quoted strings when you don't need string interpolation or special symbols.
In file: app/views/users/passwords/edit.html.erb:12

Style/StringLiterals: Prefer single-quoted strings when you don't need string interpolation or special symbols.
In file: app/views/users/passwords/edit.html.erb:16

Style/StringLiterals: Prefer single-quoted strings when you don't need string interpolation or special symbols.
In file: app/views/users/passwords/edit.html.erb:17

Style/StringLiterals: Prefer single-quoted strings when you don't need string interpolation or special symbols.
In file: app/views/users/passwords/edit.html.erb:21

Style/StringLiterals: Prefer single-quoted strings when you don't need string interpolation or special symbols.
In file: app/views/users/passwords/edit.html.erb:25

Tag `br` is a void element, it must end with `>` and not `/>`.
In file: app/views/users/passwords/edit.html.erb:8

Tag `br` is a void element, it must end with `>` and not `/>`.
In file: app/views/users/passwords/edit.html.erb:10

Tag `br` is a void element, it must end with `>` and not `/>`.
In file: app/views/users/passwords/edit.html.erb:16

Style/StringLiterals: Prefer single-quoted strings when you don't need string interpolation or special symbols.
In file: app/views/users/passwords/new.html.erb:4

Style/StringLiterals: Prefer single-quoted strings when you don't need string interpolation or special symbols.
In file: app/views/users/passwords/new.html.erb:8

Style/StringLiterals: Prefer single-quoted strings when you don't need string interpolation or special symbols.
In file: app/views/users/passwords/new.html.erb:12

Style/StringLiterals: Prefer single-quoted strings when you don't need string interpolation or special symbols.
In file: app/views/users/passwords/new.html.erb:16

Tag `br` is a void element, it must end with `>` and not `/>`.
In file: app/views/users/passwords/new.html.erb:7

Style/StringLiterals: Prefer single-quoted strings when you don't need string interpolation or special symbols.
In file: app/views/users/registrations/edit.html.erb:4

Style/StringLiterals: Prefer single-quoted strings when you don't need string interpolation or special symbols.
In file: app/views/users/registrations/edit.html.erb:8

Style/StringLiterals: Prefer single-quoted strings when you don't need string interpolation or special symbols.
In file: app/views/users/registrations/edit.html.erb:17

Style/StringLiterals: Prefer single-quoted strings when you don't need string interpolation or special symbols.
In file: app/views/users/registrations/edit.html.erb:26

Style/StringLiterals: Prefer single-quoted strings when you don't need string interpolation or special symbols.
In file: app/views/users/registrations/edit.html.erb:31

Style/StringLiterals: Prefer single-quoted strings when you don't need string interpolation or special symbols.
In file: app/views/users/registrations/edit.html.erb:35

Style/StringLiterals: Prefer single-quoted strings when you don't need string interpolation or special symbols.
In file: app/views/users/registrations/edit.html.erb:41

Style/StringLiterals: Prefer single-quoted strings when you don't need string interpolation or special symbols.
In file: app/views/users/registrations/edit.html.erb:41

Style/StringLiterals: Prefer single-quoted strings when you don't need string interpolation or special symbols.
In file: app/views/users/registrations/edit.html.erb:43

Tag `br` is a void element, it must end with `>` and not `/>`.
In file: app/views/users/registrations/edit.html.erb:7

Tag `br` is a void element, it must end with `>` and not `/>`.
In file: app/views/users/registrations/edit.html.erb:16

Tag `br` is a void element, it must end with `>` and not `/>`.
In file: app/views/users/registrations/edit.html.erb:19

Tag `br` is a void element, it must end with `>` and not `/>`.
In file: app/views/users/registrations/edit.html.erb:25

Tag `br` is a void element, it must end with `>` and not `/>`.
In file: app/views/users/registrations/edit.html.erb:30

Style/StringLiterals: Prefer single-quoted strings when you don't need string interpolation or special symbols.
In file: app/views/users/registrations/new.html.erb:4

Style/StringLiterals: Prefer single-quoted strings when you don't need string interpolation or special symbols.
In file: app/views/users/registrations/new.html.erb:8

Style/StringLiterals: Prefer single-quoted strings when you don't need string interpolation or special symbols.
In file: app/views/users/registrations/new.html.erb:16

Style/StringLiterals: Prefer single-quoted strings when you don't need string interpolation or special symbols.
In file: app/views/users/registrations/new.html.erb:21

Style/StringLiterals: Prefer single-quoted strings when you don't need string interpolation or special symbols.
In file: app/views/users/registrations/new.html.erb:25

Style/StringLiterals: Prefer single-quoted strings when you don't need string interpolation or special symbols.
In file: app/views/users/registrations/new.html.erb:29

Tag `br` is a void element, it must end with `>` and not `/>`.
In file: app/views/users/registrations/new.html.erb:7

Tag `br` is a void element, it must end with `>` and not `/>`.
In file: app/views/users/registrations/new.html.erb:15

Tag `br` is a void element, it must end with `>` and not `/>`.
In file: app/views/users/registrations/new.html.erb:20

Style/StringLiterals: Prefer single-quoted strings when you don't need string interpolation or special symbols.
In file: app/views/users/sessions/new.html.erb:6

Style/StringLiterals: Prefer single-quoted strings when you don't need string interpolation or special symbols.
In file: app/views/users/sessions/new.html.erb:11

Style/StringLiterals: Prefer single-quoted strings when you don't need string interpolation or special symbols.
In file: app/views/users/sessions/new.html.erb:22

Style/StringLiterals: Prefer single-quoted strings when you don't need string interpolation or special symbols.
In file: app/views/users/sessions/new.html.erb:26

Tag `br` is a void element, it must end with `>` and not `/>`.
In file: app/views/users/sessions/new.html.erb:5

Tag `br` is a void element, it must end with `>` and not `/>`.
In file: app/views/users/sessions/new.html.erb:10

Remove newline before `%>` to match start of tag.
In file: app/views/users/shared/_error_messages.html.erb:6

Style/StringLiterals: Prefer single-quoted strings when you don't need string interpolation or special symbols.
In file: app/views/users/shared/_error_messages.html.erb:4

Style/StringLiterals: Prefer single-quoted strings when you don't need string interpolation or special symbols.
In file: app/views/users/shared/_links.html.erb:2

Style/StringLiterals: Prefer single-quoted strings when you don't need string interpolation or special symbols.
In file: app/views/users/shared/_links.html.erb:6

Style/StringLiterals: Prefer single-quoted strings when you don't need string interpolation or special symbols.
In file: app/views/users/shared/_links.html.erb:10

Tag `br` is a void element, it must end with `>` and not `/>`.
In file: app/views/users/shared/_links.html.erb:2

Tag `br` is a void element, it must end with `>` and not `/>`.
In file: app/views/users/shared/_links.html.erb:6

Tag `br` is a void element, it must end with `>` and not `/>`.
In file: app/views/users/shared/_links.html.erb:10

Tag `br` is a void element, it must end with `>` and not `/>`.
In file: app/views/users/shared/_links.html.erb:14

Tag `br` is a void element, it must end with `>` and not `/>`.
In file: app/views/users/shared/_links.html.erb:18

Tag `br` is a void element, it must end with `>` and not `/>`.
In file: app/views/users/shared/_links.html.erb:23

Style/StringLiterals: Prefer single-quoted strings when you don't need string interpolation or special symbols.
In file: app/views/users/unlocks/new.html.erb:4

Style/StringLiterals: Prefer single-quoted strings when you don't need string interpolation or special symbols.
In file: app/views/users/unlocks/new.html.erb:8

Style/StringLiterals: Prefer single-quoted strings when you don't need string interpolation or special symbols.
In file: app/views/users/unlocks/new.html.erb:12

Style/StringLiterals: Prefer single-quoted strings when you don't need string interpolation or special symbols.
In file: app/views/users/unlocks/new.html.erb:16

Tag `br` is a void element, it must end with `>` and not `/>`.
In file: app/views/users/unlocks/new.html.erb:7

